<?xml version="1.0" encoding="UTF-8"?>
<testng-results skipped="0" failed="0" total="1" passed="1">
  <reporter-output>
  </reporter-output>
  <suite name="Default suite" duration-ms="4954" started-at="2015-07-17T02:33:47Z" finished-at="2015-07-17T02:33:51Z">
    <groups>
      <group name="CommitteeDaoTest">
        <method signature="CommitteeDaoTest.getReviewer()[pri:0, instance:springmvc.model.dao.CommitteeDaoTest@584cfed7]" name="getReviewer" class="springmvc.model.dao.CommitteeDaoTest"/>
      </group> <!-- CommitteeDaoTest -->
    </groups>
    <test name="Default test" duration-ms="4954" started-at="2015-07-17T02:33:47Z" finished-at="2015-07-17T02:33:51Z">
      <class name="springmvc.model.dao.CommitteeDaoTest">
        <test-method status="PASS" signature="springTestContextBeforeTestClass()[pri:0, instance:springmvc.model.dao.CommitteeDaoTest@584cfed7]" name="springTestContextBeforeTestClass" is-config="true" duration-ms="21" started-at="2015-07-16T19:33:47Z" finished-at="2015-07-16T19:33:47Z">
          <reporter-output>
          </reporter-output>
        </test-method> <!-- springTestContextBeforeTestClass -->
        <test-method status="PASS" signature="springTestContextPrepareTestInstance()[pri:0, instance:springmvc.model.dao.CommitteeDaoTest@584cfed7]" name="springTestContextPrepareTestInstance" is-config="true" duration-ms="4404" started-at="2015-07-16T19:33:47Z" depends-on-methods="org.springframework.test.context.testng.AbstractTestNGSpringContextTests.springTestContextBeforeTestClass" finished-at="2015-07-16T19:33:51Z">
          <reporter-output>
          </reporter-output>
        </test-method> <!-- springTestContextPrepareTestInstance -->
        <test-method status="PASS" signature="springTestContextBeforeTestMethod(java.lang.reflect.Method)[pri:0, instance:springmvc.model.dao.CommitteeDaoTest@584cfed7]" name="springTestContextBeforeTestMethod" is-config="true" duration-ms="120" started-at="2015-07-16T19:33:51Z" finished-at="2015-07-16T19:33:51Z">
          <params>
            <param index="0">
              <value>
                <![CDATA[public void springmvc.model.dao.CommitteeDaoTest.getReviewer()]]>
              </value>
            </param>
          </params>
          <reporter-output>
          </reporter-output>
        </test-method> <!-- springTestContextBeforeTestMethod -->
        <test-method status="PASS" signature="getReviewer()[pri:0, instance:springmvc.model.dao.CommitteeDaoTest@584cfed7]" name="getReviewer" duration-ms="368" started-at="2015-07-16T19:33:51Z" finished-at="2015-07-16T19:33:51Z">
          <reporter-output>
          </reporter-output>
        </test-method> <!-- getReviewer -->
        <test-method status="PASS" signature="springTestContextAfterTestMethod(java.lang.reflect.Method)[pri:0, instance:springmvc.model.dao.CommitteeDaoTest@584cfed7]" name="springTestContextAfterTestMethod" is-config="true" duration-ms="13" started-at="2015-07-16T19:33:51Z" finished-at="2015-07-16T19:33:51Z">
          <params>
            <param index="0">
              <value>
                <![CDATA[public void springmvc.model.dao.CommitteeDaoTest.getReviewer()]]>
              </value>
            </param>
          </params>
          <reporter-output>
          </reporter-output>
        </test-method> <!-- springTestContextAfterTestMethod -->
        <test-method status="PASS" signature="springTestContextAfterTestClass()[pri:0, instance:springmvc.model.dao.CommitteeDaoTest@584cfed7]" name="springTestContextAfterTestClass" is-config="true" duration-ms="1" started-at="2015-07-16T19:33:51Z" finished-at="2015-07-16T19:33:51Z">
          <reporter-output>
          </reporter-output>
        </test-method> <!-- springTestContextAfterTestClass -->
      </class> <!-- springmvc.model.dao.CommitteeDaoTest -->
    </test> <!-- Default test -->
  </suite> <!-- Default suite -->
</testng-results>
